"../../../Engine/Content/Animation/DefaultAnimCurveCompressionSettings.uasset" 0
"../../../Engine/Content/Functions/Engine_MaterialFunctions01/Opacity/CameraDepthFade.uasset" 1
"../../../Engine/Content/EngineMaterials/T_Default_Material_Grid_M.uasset" 2
"../../../Engine/Content/EngineMaterials/T_Default_Material_Grid_N.uasset" 3
"../../../Engine/Content/EngineMaterials/WorldGridMaterial.uasset" 4
"../../../Engine/Content/ArtTools/RenderToTexture/Meshes/S_1_Unit_Plane.uasset" 5
"../../../Engine/Content/EngineMaterials/DefaultMaterial.uasset" 6
"../../../Engine/Content/BasicShapes/Cone.uasset" 7
"../../../Engine/Content/BasicShapes/Cylinder.uasset" 8
"../../../Engine/Content/BasicShapes/Sphere.uasset" 9
"../../../Engine/Content/EngineMaterials/DefaultPhysicalMaterial.uasset" 10
"../../../Engine/Content/BufferVisualization/AmbientOcclusion.uasset" 11
"../../../Engine/Content/BufferVisualization/BaseColor.uasset" 12
"../../../Engine/Content/BufferVisualization/CustomDepth.uasset" 13
"../../../Engine/Content/Functions/Engine_MaterialFunctions02/Utility/VectorLength.uasset" 14
"../../../Engine/Content/BufferVisualization/CustomDepthWorldUnits.uasset" 15
"../../../Engine/Content/Functions/Engine_MaterialFunctions02/Utility/BreakOutFloat2Components.uasset" 16
"../../../Engine/Content/Functions/Engine_MaterialFunctions01/Texturing/ScaleUVsByCenter.uasset" 17
"../../../Engine/Content/Functions/Engine_MaterialFunctions02/ScreenResolution.uasset" 18
"../../../Engine/Content/Functions/Engine_MaterialFunctions02/Texturing/ScreenAlignedUVs.uasset" 19
"../../../Engine/Content/Functions/Engine_MaterialFunctions02/Utility/MakeFloat2.uasset" 20
"../../../Engine/Content/Functions/Engine_MaterialFunctions02/Utility/MakeFloat3.uasset" 21
"../../../Engine/Content/EngineMaterials/MiniFont.uasset" 22
"../../../Engine/Content/BufferVisualization/CustomStencil.uasset" 23
"../../../Engine/Content/BufferVisualization/FinalImage.uasset" 24
"../../../Engine/Content/BufferVisualization/LightingModel.uasset" 25
"../../../Engine/Content/BufferVisualization/MaterialAO.uasset" 26
"../../../Engine/Content/BufferVisualization/Metallic.uasset" 27
"../../../Engine/Content/BufferVisualization/Opacity.uasset" 28
"../../../Engine/Content/BufferVisualization/PostTonemapHDRColor.uasset" 29
"../../../Engine/Content/BufferVisualization/PreTonemapHDRColor.uasset" 30
"../../../Engine/Content/BufferVisualization/Roughness.uasset" 31
"../../../Engine/Content/BufferVisualization/SceneColor.uasset" 32
"../../../Engine/Content/BufferVisualization/SceneDepth.uasset" 33
"../../../Engine/Content/BufferVisualization/SceneDepthWorldUnits.uasset" 34
"../../../Engine/Content/BufferVisualization/SeparateTranslucencyA.uasset" 35
"../../../Engine/Content/BufferVisualization/SeparateTranslucencyRGB.uasset" 36
"../../../Engine/Content/BufferVisualization/Specular.uasset" 37
"../../../Engine/Content/BufferVisualization/SubsurfaceColor.uasset" 38
"../../../Engine/Content/BufferVisualization/Velocity.uasset" 39
"../../../Engine/Content/BufferVisualization/WorldNormal.uasset" 40
"../../../Engine/Content/EditorLandscapeResources/DataLayer.uasset" 41
"../../../Engine/Content/EditorLandscapeResources/DefaultAlphaTexture.uasset" 42
"../../../Engine/Content/EditorLandscapeResources/LandscapeGizmoHeight_Mat.uasset" 43
"../../../Engine/Content/EditorLandscapeResources/LandscapeGizmo_Mat.uasset" 44
"../../../Engine/Content/EditorLandscapeResources/LandscapeGizmo_Mat_Copied.uasset" 45
"../../../Engine/Content/EditorLandscapeResources/SplineEditorMeshMat.uasset" 46
"../../../Engine/Content/EditorLandscapeResources/SplineEditorMesh.uasset" 47
"../../../Engine/Content/EditorMaterials/Cross.uasset" 48
"../../../Engine/Content/EditorMaterials/Cross_Mat.uasset" 49
"../../../Engine/Content/EditorMaterials/GizmoMaterial.uasset" 50
"../../../Engine/Content/Functions/Engine_MaterialFunctions02/ExampleContent/Textures/flipbook.uasset" 51
"../../../Engine/Content/Functions/Engine_MaterialFunctions02/Texturing/FlipBook.uasset" 52
"../../../Engine/Content/Functions/Engine_MaterialFunctions02/Utility/Sign.uasset" 53
"../../../Engine/Content/Functions/Engine_MaterialFunctions02/Utility/Round.uasset" 54
"../../../Engine/Content/EditorResources/T_EditorHelp.uasset" 55
"../../../Engine/Content/EditorMaterials/HelpActorMaterial.uasset" 56
"../../../Engine/Content/EditorMaterials/CompositeARGBLayer.uasset" 57
"../../../Engine/Content/EditorMaterials/TilingAALineIntegral.uasset" 58
"../../../Engine/Content/EditorMaterials/TilingAALineBoxFiltered.uasset" 59
"../../../Engine/Content/Functions/Engine_MaterialFunctions03/Procedurals/ComputeFilterWidth.uasset" 60
"../../../Engine/Content/EditorMaterials/TilingAADots.uasset" 61
"../../../Engine/Content/EngineMaterials/BlendFunc_DefBase.uasset" 62
"../../../Engine/Content/EngineMaterials/BlendFunc_DefBlend.uasset" 63
"../../../Engine/Content/Functions/Engine_MaterialFunctions03/Blends/Blend_Screen.uasset" 64
"../../../Engine/Content/EditorMaterials/TilingAAGrid.uasset" 65
"../../../Engine/Content/EditorMaterials/LevelGridMaterial.uasset" 66
"../../../Engine/Content/EditorMaterials/MakeCompositeARGBLayer.uasset" 67
"../../../Engine/Content/EditorResources/LevelGrid1DStripes.uasset" 68
"../../../Engine/Content/EditorMaterials/TextureGridCascaded1D.uasset" 69
"../../../Engine/Content/EditorMaterials/TextureGridCascaded2D.uasset" 70
"../../../Engine/Content/EditorMaterials/LevelGridMaterial2.uasset" 71
"../../../Engine/Content/EditorMaterials/MAT_Groups_Toggle.uasset" 72
"../../../Engine/Content/EditorMaterials/MAT_Groups_Visibility.uasset" 73
"../../../Engine/Content/EditorMaterials/PhAT_BoneSelectedMaterial.uasset" 74
"../../../Engine/Content/EditorMaterials/PhAT_ElemSelectedMaterial.uasset" 75
"../../../Engine/Content/EditorMaterials/PhAT_NoCollisionMaterial.uasset" 76
"../../../Engine/Content/EditorMaterials/PhAT_UnselectedMaterial.uasset" 77
"../../../Engine/Content/EditorMaterials/PreviewShadowIndicator.uasset" 78
"../../../Engine/Content/EditorMaterials/PreviewShadowIndicatorMaterial.uasset" 79
"../../../Engine/Content/EditorMaterials/TargetIcon.uasset" 80
"../../../Engine/Content/EditorMaterials/Tick.uasset" 81
"../../../Engine/Content/EditorMaterials/Tick_Mat.uasset" 82
"../../../Engine/Content/EditorMaterials/WidgetGridVertexColorMaterial.uasset" 83
"../../../Engine/Content/EditorMaterials/WidgetGridVertexColorMaterial_Ma.uasset" 84
"../../../Engine/Content/EditorMaterials/WidgetMaterial.uasset" 85
"../../../Engine/Content/EditorMaterials/WidgetMaterial_Current.uasset" 86
"../../../Engine/Content/EditorMaterials/WidgetMaterial_X.uasset" 87
"../../../Engine/Content/EditorMaterials/WidgetMaterial_Y.uasset" 88
"../../../Engine/Content/EditorMaterials/WidgetMaterial_Z.uasset" 89
"../../../Engine/Content/EditorMaterials/WidgetVertexColorMaterial.uasset" 90
"../../../Engine/Content/EditorMaterials/MatineeGroups/MAT_ColorTrack.uasset" 91
"../../../Engine/Content/EditorMaterials/MatineeGroups/MAT_Groups_Anim.uasset" 92
"../../../Engine/Content/EditorMaterials/MatineeGroups/MAT_Groups_AudioMaster.uasset" 93
"../../../Engine/Content/EditorMaterials/MatineeGroups/MAT_Groups_Director.uasset" 94
"../../../Engine/Content/EditorMaterials/MatineeGroups/MAT_Groups_Event.uasset" 95
"../../../Engine/Content/EditorMaterials/MatineeGroups/MAT_Groups_Fade.uasset" 96
"../../../Engine/Content/EditorMaterials/MatineeGroups/MAT_Groups_Float.uasset" 97
"../../../Engine/Content/EditorMaterials/MatineeGroups/MAT_Groups_Move.uasset" 98
"../../../Engine/Content/EditorMaterials/MatineeGroups/MAT_Groups_Slomo.uasset" 99
"../../../Engine/Content/EditorMaterials/MatineeGroups/MAT_Groups_Sound.uasset" 100
"../../../Engine/Content/EditorMaterials/MatineeGroups/MAT_Groups_Vector.uasset" 101
"../../../Engine/Content/EditorMaterials/ParticleSystems/PSysThumbnail_NoImage.uasset" 102
"../../../Engine/Content/EditorMaterials/ParticleSystems/PSysThumbnail_OOD.uasset" 103
"../../../Engine/Content/EngineMaterials/Grid.uasset" 104
"../../../Engine/Content/EditorMaterials/Thumbnails/FloorPlaneMaterial.uasset" 105
"../../../Engine/Content/EditorMeshes/EditorCube.uasset" 106
"../../../Engine/Content/EditorMeshes/EditorCylinder.uasset" 107
"../../../Engine/Content/EditorMeshes/EditorPlane.uasset" 108
"../../../Engine/Content/EditorMaterials/Thumbnails/SkySphereMaterial.uasset" 109
"../../../Engine/Content/EditorMeshes/EditorSkySphere.uasset" 110
"../../../Engine/Content/EditorMeshes/EditorSphere.uasset" 111
"../../../Engine/Content/EditorResources/MatineeCam_D.uasset" 112
"../../../Engine/Content/EditorMaterials/MatineeCam_mat.uasset" 113
"../../../Engine/Content/EditorMeshes/MatineeCam_SM.uasset" 114
"../../../Engine/Content/EditorMeshes/PlanarReflectionPlane.uasset" 115
"../../../Engine/Content/EditorMaterials/Camera/CineMat.uasset" 116
"../../../Engine/Content/EditorMaterials/Camera/MI_CineMat_CameraBody.uasset" 117
"../../../Engine/Content/EngineDebugMaterials/M_SimpleOpaque.uasset" 118
"../../../Engine/Content/EditorMaterials/Camera/MI_CineMat_CamViewFinder.uasset" 119
"../../../Engine/Content/EditorMeshes/Camera/SM_CineCam.uasset" 120
"../../../Engine/Content/EditorMaterials/Camera/MI_CineMat_Rig.uasset" 121
"../../../Engine/Content/EditorMeshes/Camera/SM_CraneRig_Arm.uasset" 122
"../../../Engine/Content/EditorMeshes/Camera/SM_CraneRig_Base.uasset" 123
"../../../Engine/Content/EditorMeshes/Camera/SM_CraneRig_Body.uasset" 124
"../../../Engine/Content/EditorMeshes/Camera/SM_CraneRig_Mount.uasset" 125
"../../../Engine/Content/EditorMeshes/Camera/SM_RailRig_Mount.uasset" 126
"../../../Engine/Content/EditorMeshes/Camera/SM_RailRig_Track.uasset" 127
"../../../Engine/Content/EditorMeshes/ColorCalibrator/M_ChromeBall.uasset" 128
"../../../Engine/Content/EditorResources/Bad.uasset" 129
"../../../Engine/Content/EditorResources/BSPVertex.uasset" 130
"../../../Engine/Content/EditorResources/EmptyActor.uasset" 131
"../../../Engine/Content/EditorResources/MatInstActSprite.uasset" 132
"../../../Engine/Content/EditorResources/SceneManager.uasset" 133
"../../../Engine/Content/EditorResources/SmallFont.uasset" 134
"../../../Engine/Content/EditorResources/S_Actor.uasset" 135
"../../../Engine/Content/EditorResources/S_DecalActorIcon.uasset" 136
"../../../Engine/Content/EditorResources/S_Emitter.uasset" 137
"../../../Engine/Content/EditorResources/S_ExpoHeightFog.uasset" 138
"../../../Engine/Content/EditorResources/S_FTest.uasset" 139
"../../../Engine/Content/EditorResources/S_KBSJoint.uasset" 140
"../../../Engine/Content/EditorResources/S_KHinge.uasset" 141
"../../../Engine/Content/EditorResources/S_KPrismatic.uasset" 142
"../../../Engine/Content/EditorResources/S_LevelSequence.uasset" 143
"../../../Engine/Content/EditorResources/S_NavP.uasset" 144
"../../../Engine/Content/EditorResources/S_Note.uasset" 145
"../../../Engine/Content/EditorResources/S_Player.uasset" 146
"../../../Engine/Content/EditorResources/S_PortalActorIcon2.uasset" 147
"../../../Engine/Content/EditorResources/S_RadForce.uasset" 148
"../../../Engine/Content/EditorResources/S_ReflActorIcon.uasset" 149
"../../../Engine/Content/EditorResources/S_Solver.uasset" 150
"../../../Engine/Content/EditorResources/S_Terrain.uasset" 151
"../../../Engine/Content/EditorResources/S_TextRenderActorIcon.uasset" 152
"../../../Engine/Content/EditorResources/S_Thruster.uasset" 153
"../../../Engine/Content/EditorResources/S_Trigger.uasset" 154
"../../../Engine/Content/EditorResources/S_VectorFieldVol.uasset" 155
"../../../Engine/Content/EditorResources/S_WindDirectional.uasset" 156
"../../../Engine/Content/EditorResources/AI/S_NavLink.uasset" 157
"../../../Engine/Content/EditorResources/AudioIcons/S_AudioComponent_AutoActivate.uasset" 158
"../../../Engine/Content/EditorResources/LightIcons/SkyLight.uasset" 159
"../../../Engine/Content/EditorResources/LightIcons/S_LightDirectional.uasset" 160
"../../../Engine/Content/EditorResources/LightIcons/S_LightDirectionalMove.uasset" 161
"../../../Engine/Content/EditorResources/LightIcons/S_LightError.uasset" 162
"../../../Engine/Content/EditorResources/LightIcons/S_LightPoint.uasset" 163
"../../../Engine/Content/EditorResources/LightIcons/S_LightPointMove.uasset" 164
"../../../Engine/Content/EditorResources/LightIcons/S_LightSpot.uasset" 165
"../../../Engine/Content/EditorResources/LightIcons/S_LightSpotMove.uasset" 166
"../../../Engine/Content/EditorResources/SequenceRecorder/Countdown.uasset" 167
"../../../Engine/Content/EditorResources/SequenceRecorder/RecordingIndicator.uasset" 168
"../../../Engine/Content/EditorResources/Spline/T_Loft_Spline.uasset" 169
"../../../Engine/Content/EditorSounds/Notifications/CompileFailed.uasset" 170
"../../../Engine/Content/EditorSounds/Notifications/CompileFailed_Cue.uasset" 171
"../../../Engine/Content/EditorSounds/Notifications/CompileSuccess.uasset" 172
"../../../Engine/Content/EditorSounds/Notifications/CompileStart_Cue.uasset" 173
"../../../Engine/Content/EditorSounds/Notifications/CompileSuccess_Cue.uasset" 174
"../../../Engine/Content/EngineDamageTypes/DmgTypeBP_Environmental.uasset" 175
"../../../Engine/Content/EngineDebugMaterials/HeatmapGradient.uasset" 176
"../../../Engine/Content/EngineDebugMaterials/BoneWeightMaterial.uasset" 177
"../../../Engine/Content/EngineDebugMaterials/ClothMaterial.uasset" 178
"../../../Engine/Content/EngineDebugMaterials/ClothMaterial_WF.uasset" 179
"../../../Engine/Content/EngineDebugMaterials/DebugEditorMaterial.uasset" 180
"../../../Engine/Content/EngineDebugMaterials/DebugMeshMaterial.uasset" 181
"../../../Engine/Content/EngineDebugMaterials/GeomMaterial.uasset" 182
"../../../Engine/Content/Functions/Engine_MaterialFunctions01/Shading/ConvertFromDiffSpec.uasset" 183
"../../../Engine/Content/EngineDebugMaterials/LevelColorationLitMaterial.uasset" 184
"../../../Engine/Content/EngineDebugMaterials/LevelColorationUnlitMaterial.uasset" 185
"../../../Engine/Content/EngineMaterials/DefaultWhiteGrid.uasset" 186
"../../../Engine/Content/EngineDebugMaterials/MAT_LevelColorationLitLightmapUV.uasset" 187
"../../../Engine/Content/EngineDebugMaterials/M_SimpleTranslucent.uasset" 188
"../../../Engine/Content/Functions/Engine_MaterialFunctions02/Utility/CameraDirectionVector.uasset" 189
"../../../Engine/Content/EngineDebugMaterials/VolumeToRender.uasset" 190
"../../../Engine/Content/EngineDebugMaterials/M_VolumeRenderSphereTracePP.uasset" 191
"../../../Engine/Content/EngineDebugMaterials/ShadedLevelColorationLitMaterial.uasset" 192
"../../../Engine/Content/EngineDebugMaterials/ShadedLevelColorationUnlitMateri.uasset" 193
"../../../Engine/Content/EngineDebugMaterials/VertexColorMaterial.uasset" 194
"../../../Engine/Content/EngineDebugMaterials/VertexColorViewMode_AlphaAsColor.uasset" 195
"../../../Engine/Content/EngineDebugMaterials/VertexColorViewMode_BlueOnly.uasset" 196
"../../../Engine/Content/EngineDebugMaterials/VertexColorViewMode_ColorOnly.uasset" 197
"../../../Engine/Content/EngineDebugMaterials/VertexColorViewMode_GreenOnly.uasset" 198
"../../../Engine/Content/EngineDebugMaterials/VertexColorViewMode_RedOnly.uasset" 199
"../../../Engine/Content/EngineDebugMaterials/WireframeMaterial.uasset" 200
"../../../Engine/Content/EngineFonts/Faces/RobotoBold.uasset" 201
"../../../Engine/Content/EngineFonts/Faces/RobotoBoldItalic.uasset" 202
"../../../Engine/Content/EngineFonts/Faces/RobotoItalic.uasset" 203
"../../../Engine/Content/EngineFonts/Faces/RobotoLight.uasset" 204
"../../../Engine/Content/EngineFonts/Faces/RobotoRegular.uasset" 205
"../../../Engine/Content/EngineFonts/Roboto.uasset" 206
"../../../Engine/Content/EngineFonts/Faces/RobotoTiny.uasset" 207
"../../../Engine/Content/EngineFonts/RobotoTiny.uasset" 208
"../../../Engine/Content/EngineFonts/SmallFont.uasset" 209
"../../../Engine/Content/EngineFonts/TinyFont.uasset" 210
"../../../Engine/Content/EngineMaterials/BaseFlattenDiffuseMap.uasset" 211
"../../../Engine/Content/EngineMaterials/BaseFlattenEmissiveMap.uasset" 212
"../../../Engine/Content/EngineMaterials/BaseFlattenGrayscaleMap.uasset" 213
"../../../Engine/Content/EngineMaterials/BaseFlattenNormalMap.uasset" 214
"../../../Engine/Content/EngineMaterials/BaseFlattenMaterial.uasset" 215
"../../../Engine/Content/EngineResources/WhiteSquareTexture.uasset" 216
"../../../Engine/Content/EngineMaterials/BlinkingCaret.uasset" 217
"../../../Engine/Content/EngineMaterials/BlueNoise.uasset" 218
"../../../Engine/Content/EngineMaterials/DefaultBloomKernel.uasset" 219
"../../../Engine/Content/EngineMaterials/DefaultBokeh.uasset" 220
"../../../Engine/Content/EngineMaterials/DefaultDiffuse.uasset" 221
"../../../Engine/Content/EngineMaterials/DefaultDeferredDecalMaterial.uasset" 222
"../../../Engine/Content/EngineMaterials/DefaultLightFunctionMaterial.uasset" 223
"../../../Engine/Content/EngineMaterials/DefaultNormal.uasset" 224
"../../../Engine/Content/EngineMaterials/DefaultPostProcessMaterial.uasset" 225
"../../../Engine/Content/EngineFonts/RobotoDistanceField.uasset" 226
"../../../Engine/Content/EngineMaterials/DefaultTextMaterialOpaque.uasset" 227
"../../../Engine/Content/EngineMaterials/DefaultVirtualTextureMaterial.uasset" 228
"../../../Engine/Content/EngineMaterials/EditorBrushMaterial.uasset" 229
"../../../Engine/Content/EngineMaterials/DefaultWhiteGrid_Low.uasset" 230
"../../../Engine/Content/EngineMaterials/EmissiveMeshMaterial.uasset" 231
"../../../Engine/Content/EngineMaterials/Good64x64TilingNoiseHighFreq.uasset" 232
"../../../Engine/Content/EngineMaterials/Grid_N.uasset" 233
"../../../Engine/Content/EngineMaterials/HighResolutionScreenshotMaskFunction.uasset" 234
"../../../Engine/Content/EngineMaterials/HighResScreenshot.uasset" 235
"../../../Engine/Content/EngineMaterials/HighResScreenshotCaptureRegion.uasset" 236
"../../../Engine/Content/EngineMaterials/HighResScreenshotMask.uasset" 237
"../../../Engine/Content/EngineMaterials/LandscapeHolePhysicalMaterial.uasset" 238
"../../../Engine/Content/EngineMaterials/InvalidLightmapSettings.uasset" 239
"../../../Engine/Content/EngineMaterials/M_InvalidLightmapSettings.uasset" 240
"../../../Engine/Content/EngineMaterials/PaperDiffuse.uasset" 241
"../../../Engine/Content/EngineMaterials/PaperNormal.uasset" 242
"../../../Engine/Content/Functions/Engine_MaterialFunctions02/WorldPositionOffset/CameraOffset.uasset" 243
"../../../Engine/Content/EngineMaterials/PhAT_JointLimitMaterial.uasset" 244
"../../../Engine/Content/EngineMaterials/PhysMat_Rubber.uasset" 245
"../../../Engine/Content/EngineMaterials/PreintegratedSkinBRDF.uasset" 246
"../../../Engine/Content/EngineMaterials/RemoveSurfaceMaterial.uasset" 247
"../../../Engine/Content/EngineMaterials/WeightMapPlaceholderTexture.uasset" 248
"../../../Engine/Content/EngineMaterials/Widget3DPassThrough.uasset" 249
"../../../Engine/Content/EngineMaterials/Widget3DPassThrough_Masked.uasset" 250
"../../../Engine/Content/EngineMaterials/Widget3DPassThrough_Opaque.uasset" 251
"../../../Engine/Content/EngineMaterials/Widget3DPassThrough_Masked_OneSided.uasset" 252
"../../../Engine/Content/EngineMaterials/Widget3DPassThrough_Opaque_OneSided.uasset" 253
"../../../Engine/Content/EngineMaterials/Widget3DPassThrough_Translucent.uasset" 254
"../../../Engine/Content/EngineMaterials/Widget3DPassThrough_Translucent_OneSided.uasset" 255
"../../../Engine/Content/EngineMeshes/Cylinder.uasset" 256
"../../../Engine/Content/EngineMeshes/Sphere.uasset" 257
"../../../Engine/Content/EngineResources/Black.uasset" 258
"../../../Engine/Content/EngineResources/DefaultTexture.uasset" 259
"../../../Engine/Content/EngineResources/DefaultTextureCube.uasset" 260
"../../../Engine/Content/EngineResources/DefaultVolumeTexture2D.uasset" 261
"../../../Engine/Content/EngineResources/DefaultVolumeTexture.uasset" 262
"../../../Engine/Content/EngineResources/GradientTexture0.uasset" 263
"../../../Engine/Content/EngineResources/StreamingPauseIcon.uasset" 264
"../../../Engine/Content/EngineResources/M_StreamingPause.uasset" 265
"../../../Engine/Content/EngineSounds/Master.uasset" 266
"../../../Engine/Content/Functions/Engine_MaterialFunctions01/Shading/PowerToRoughness.uasset" 267
"../../../Engine/Content/Maps/Templates/Thumbnails/Default.uasset" 268
"../../../Engine/Content/Maps/Templates/Thumbnails/VR-Basic.uasset" 269
"../../../Engine/Content/MapTemplates/Sky/DaylightAmbientCubemap.uasset" 270
"../../../Engine/Content/MobileResources/T_MobileControls_texture.uasset" 271
"../../../Engine/Content/MobileResources/T_MobileMenu2.uasset" 272
"../../../Engine/Content/MobileResources/HUD/AnalogHat.uasset" 273
"../../../Engine/Content/MobileResources/HUD/VirtualJoystick_Background.uasset" 274
"../../../Engine/Content/MobileResources/HUD/VirtualJoystick_Thumb.uasset" 275
"../../../Engine/Content/MobileResources/HUD/DefaultVirtualJoysticks.uasset" 276
"../../../Engine/Content/MobileResources/HUD/LeftVirtualJoystickOnly.uasset" 277
"../../../Engine/Content/MobileResources/HUD/MobileHUDButton1_off.uasset" 278
"../../../Engine/Content/MobileResources/HUD/MobileHUDButton1_on.uasset" 279
"../../../Engine/Content/MobileResources/HUD/MobileHUDButton2_off.uasset" 280
"../../../Engine/Content/MobileResources/HUD/MobileHUDButton2_on.uasset" 281
"../../../Engine/Content/MobileResources/HUD/MobileHUDButton3.uasset" 282
"../../../Engine/Content/MobileResources/HUD/MobileHUDButtonFire.uasset" 283
"../../../Engine/Content/MobileResources/HUD/MobileHUDDirectionPad.uasset" 284
"../../../Engine/Content/MobileResources/HUD/MobileHUDDirectionPad2.uasset" 285
"../../../Engine/Content/MobileResources/HUD/MobileHUDDirectionPad3.uasset" 286
"../../../Engine/Content/MobileResources/HUD/MobileHUDDirectionStick.uasset" 287
"../../../Engine/Content/MobileResources/HUD/T_Castle_ThumbstickInner.uasset" 288
"../../../Engine/Content/MobileResources/HUD/T_Castle_ThumbstickOutter.uasset" 289
"../../../Engine/Content/Tutorial/ContentIntroCurve.uasset" 290
"../../../Engine/Content/Tutorial/Basics/LevelEditorAttract.uasset" 291
"../../../Engine/Content/Tutorial/Basics/TutorialAssets/icon_tab_Levels_40x.uasset" 292
"../../../Engine/Content/Tutorial/Basics/LevelEditorOverview.uasset" 293
"../../../Engine/Content/Tutorial/SubEditors/MaterialEditorTutorial.uasset" 294
"../../../Engine/Content/Tutorial/SubEditors/TutorialAssets/TutorialMaterial.uasset" 295
"../../../Engine/Content/VREditor/LaserPointer/VR_LaserPower_01.uasset" 296
"../../../Engine/Content/VREditor/TransformGizmo/TransformGizmoMaterial.uasset" 297
"../../../Engine/Content/VREditor/TransformGizmo/TranslucentTransformGizmoMaterial.uasset" 298
"../../../Engine/Content/VREditor/TransformGizmo/BoundingBoxCorner.uasset" 299
"../../../Engine/Content/VREditor/TransformGizmo/BoundingBoxEdge.uasset" 300
"../../../Engine/Content/VREditor/TransformGizmo/PlaneTranslationHandle.uasset" 301
"../../../Engine/Content/VREditor/TransformGizmo/Main.uasset" 302
"../../../Engine/Content/VREditor/TransformGizmo/Xray.uasset" 303
"../../../Engine/Content/VREditor/TransformGizmo/SM_Sequencer_Key.uasset" 304
"../../../Engine/Content/VREditor/TransformGizmo/SM_Sequencer_Node.uasset" 305
"../../Plugins/2D/Paper2D/Content/PlaceholderTextures/DummySpriteTexture.uasset" 306
"../../Plugins/2D/Paper2D/Content/DummySprite.uasset" 307
"../../Plugins/2D/Paper2D/Content/DefaultPaperTerrainMaterial.uasset" 308
"../../Plugins/2D/Paper2D/Content/DefaultSpriteMaterial.uasset" 309
"../../Plugins/2D/Paper2D/Content/MaskedUnlitSpriteMaterial.uasset" 310
"../../Plugins/2D/Paper2D/Content/OpaqueUnlitSpriteMaterial.uasset" 311
"../../Plugins/Runtime/Oculus/OculusVR/Content/OculusMR_RenderTarget.uasset" 312
"../../../Engine/Content/Functions/Engine_MaterialFunctions02/Utility/BreakOutFloat4Components.uasset" 313
"../../Plugins/Runtime/Oculus/OculusVR/Content/Materials/OculusMR_ChromaKey.uasset" 314
"../../Plugins/Runtime/Oculus/OculusVR/Content/Materials/OculusMR_ChromaKey_Lit.uasset" 315
"../../Plugins/Runtime/Oculus/OculusVR/Content/Materials/OculusMR_OpaqueColoredMaterial.uasset" 316
"../../Plugins/Runtime/Oculus/OculusVR/Content/Materials/OculusMR_WhiteMaterial.uasset" 317
"../../../Engine/Content/Maps/Entry_BuiltData.uasset" 318
"../../../Engine/Content/Maps/Entry.umap" 319
"../../../Engine/Content/EngineMeshes/Humanoid.uasset" 320
"../../../../../../Users/AWard/Documents/GitHub/Alien_Out_Shopping/Content/SimplePeople/Characters/SK_Character_Skeleton.uasset" 321
"../../../../../../Users/AWard/Documents/GitHub/Alien_Out_Shopping/Content/SimplePeople/Animations/Idle.uasset" 322
"../../../../../../Users/AWard/Documents/GitHub/Alien_Out_Shopping/Content/SimplePeople/Animations/walk.uasset" 323
"../../../../../../Users/AWard/Documents/GitHub/Alien_Out_Shopping/Content/SimplePeople/Animations/BS_IdleWalk.uasset" 324
"../../../Engine/Content/EditorBlueprintResources/StandardMacros.uasset" 325
"../../../../../../Users/AWard/Documents/GitHub/Alien_Out_Shopping/Content/SimplePeople/Animations/BP_combinedAnimations.uasset" 326
"../../../../../../Users/AWard/Documents/GitHub/Alien_Out_Shopping/Content/Mannequin/Character/Mesh/UE4_Mannequin_Skeleton.uasset" 327
"../../../../../../Users/AWard/Documents/GitHub/Alien_Out_Shopping/Content/Mannequin/Animations/ThirdPerson_Jump.uasset" 328
"../../../../../../Users/AWard/Documents/GitHub/Alien_Out_Shopping/Content/Mannequin/Animations/ThirdPersonJump_Loop.uasset" 329
"../../../../../../Users/AWard/Documents/GitHub/Alien_Out_Shopping/Content/Mannequin/Animations/ThirdPersonJump_Start.uasset" 330
"../../../../../../Users/AWard/Documents/GitHub/Alien_Out_Shopping/Content/Mannequin/Animations/ThirdPersonIdle.uasset" 331
"../../../../../../Users/AWard/Documents/GitHub/Alien_Out_Shopping/Content/Mannequin/Animations/ThirdPersonRun.uasset" 332
"../../../../../../Users/AWard/Documents/GitHub/Alien_Out_Shopping/Content/Mannequin/Animations/ThirdPersonWalk.uasset" 333
"../../../../../../Users/AWard/Documents/GitHub/Alien_Out_Shopping/Content/Mannequin/Animations/ThirdPerson_IdleRun_2D.uasset" 334
"../../../../../../Users/AWard/Documents/GitHub/Alien_Out_Shopping/Content/Mannequin/Animations/ThirdPerson_AnimBP.uasset" 335
"../../../../../../Users/AWard/Documents/GitHub/Alien_Out_Shopping/Content/AI/BT_EnemyBlackBoard.uasset" 336
"../../../../../../Users/AWard/Documents/GitHub/Alien_Out_Shopping/Content/AI/BTT_ChasePlayer.uasset" 337
"../../../../../../Users/AWard/Documents/GitHub/Alien_Out_Shopping/Content/AI/BTT_FindPatrolPoint.uasset" 338
"../../../../../../Users/AWard/Documents/GitHub/Alien_Out_Shopping/Content/AI/BT_EnemyTree.uasset" 339
"../../../../../../Users/AWard/Documents/GitHub/Alien_Out_Shopping/Content/AI/EnemyAi.uasset" 340
"../../../../../../Users/AWard/Documents/GitHub/Alien_Out_Shopping/Content/FirstPerson/Character/Mesh/SK_Mannequin_Arms_Skeleton.uasset" 341
"../../../../../../Users/AWard/Documents/GitHub/Alien_Out_Shopping/Content/FirstPerson/Animations/FirstPerson_Idle.uasset" 342
"../../../../../../Users/AWard/Documents/GitHub/Alien_Out_Shopping/Content/FirstPerson/Animations/FirstPerson_JumpEnd.uasset" 343
"../../../../../../Users/AWard/Documents/GitHub/Alien_Out_Shopping/Content/FirstPerson/Animations/FirstPerson_JumpLoop.uasset" 344
"../../../../../../Users/AWard/Documents/GitHub/Alien_Out_Shopping/Content/FirstPerson/Animations/FirstPerson_JumpStart.uasset" 345
"../../../../../../Users/AWard/Documents/GitHub/Alien_Out_Shopping/Content/FirstPerson/Animations/FirstPerson_Run.uasset" 346
"../../../../../../Users/AWard/Documents/GitHub/Alien_Out_Shopping/Content/FirstPerson/Animations/FirstPerson_AnimBP.uasset" 347
"../../../../../../Users/AWard/Documents/GitHub/Alien_Out_Shopping/Content/FirstPerson/Animations/FirstPerson_Fire.uasset" 348
"../../../../../../Users/AWard/Documents/GitHub/Alien_Out_Shopping/Content/FirstPerson/Animations/FirstPersonFire_Montage.uasset" 349
"../../../../../../Users/AWard/Documents/GitHub/Alien_Out_Shopping/Content/DialogueSystem/Blueprints/InteractionInterface.uasset" 350
"../../../../../../Users/AWard/Documents/GitHub/Alien_Out_Shopping/Content/FirstPerson/Meshes/BaseMaterial.uasset" 351
"../../../../../../Users/AWard/Documents/GitHub/Alien_Out_Shopping/Content/FirstPerson/Meshes/FirstPersonProjectileMaterial.uasset" 352
"../../../../../../Users/AWard/Documents/GitHub/Alien_Out_Shopping/Content/FirstPerson/Meshes/FirstPersonProjectileMesh.uasset" 353
"../../../../../../Users/AWard/Documents/GitHub/Alien_Out_Shopping/Content/FirstPersonBP/Blueprints/FirstPersonProjectile.uasset" 354
"../../../../../../Users/AWard/Documents/GitHub/Alien_Out_Shopping/Content/FirstPersonBP/InventorySystem/Interact_interface.uasset" 355
"../../../../../../Users/AWard/Documents/GitHub/Alien_Out_Shopping/Content/FirstPersonBP/InventorySystem/ItemStructure.uasset" 356
"../../../../../../Users/AWard/Documents/GitHub/Alien_Out_Shopping/Content/FirstPersonBP/InventorySystem/SlotStructure.uasset" 357
"../../../../../../Users/AWard/Documents/GitHub/Alien_Out_Shopping/Content/FirstPersonBP/InventorySystem/Item/Item.uasset" 358
"../../../../../../Users/AWard/Documents/GitHub/Alien_Out_Shopping/Content/FirstPersonBP/InventorySystem/InventoryUI/HUD.uasset" 359
"../../../../../../Users/AWard/Documents/GitHub/Alien_Out_Shopping/Content/FirstPersonBP/MyPlayerController.uasset" 360
"../../../../../../Users/AWard/Documents/GitHub/Alien_Out_Shopping/Content/FirstPersonBP/InventorySystem/InventoryUI/InventorySlot.uasset" 361
"../../../../../../Users/AWard/Documents/GitHub/Alien_Out_Shopping/Content/FirstPersonBP/InventorySystem/InventoryUI/InventoryWindow.uasset" 362
"../../../../../../Users/AWard/Documents/GitHub/Alien_Out_Shopping/Content/FirstPersonBP/InventorySystem/InventoryComponent.uasset" 363
"../../../../../../Users/AWard/Documents/GitHub/Alien_Out_Shopping/Content/FirstPerson/Audio/FirstPersonTemplateWeaponFire02.uasset" 364
"../../../Engine/Content/Functions/Engine_MaterialFunctions02/Utility/BlendAngleCorrectedNormals.uasset" 365
"../../../Engine/Content/Functions/MaterialLayerFunctions/MatLayerBlend_NormalBlend.uasset" 366
"../../../Engine/Content/Functions/MaterialLayerFunctions/MatLayerBlend_Simple.uasset" 367
"../../../../../../Users/AWard/Documents/GitHub/Alien_Out_Shopping/Content/FirstPerson/Character/Materials/MaterialLayers/T_ML_Rubber_Blue_01_D.uasset" 368
"../../../../../../Users/AWard/Documents/GitHub/Alien_Out_Shopping/Content/FirstPerson/Character/Materials/MaterialLayers/T_ML_Rubber_Blue_01_N.uasset" 369
"../../../../../../Users/AWard/Documents/GitHub/Alien_Out_Shopping/Content/FirstPerson/Character/Materials/MaterialLayers/ML_GlossyBlack_Latex_UE4.uasset" 370
"../../../../../../Users/AWard/Documents/GitHub/Alien_Out_Shopping/Content/FirstPerson/Character/Materials/MaterialLayers/ML_Plastic_Shiny_Beige.uasset" 371
"../../../../../../Users/AWard/Documents/GitHub/Alien_Out_Shopping/Content/FirstPerson/Character/Textures/UE4_LOGO_CARD.uasset" 372
"../../../../../../Users/AWard/Documents/GitHub/Alien_Out_Shopping/Content/FirstPerson/Character/Materials/MaterialLayers/ML_Plastic_Shiny_Beige_LOGO.uasset" 373
"../../../../../../Users/AWard/Documents/GitHub/Alien_Out_Shopping/Content/FirstPerson/Character/Materials/MaterialLayers/T_ML_Aluminum01.uasset" 374
"../../../../../../Users/AWard/Documents/GitHub/Alien_Out_Shopping/Content/FirstPerson/Character/Materials/MaterialLayers/T_ML_Aluminum01_N.uasset" 375
"../../../../../../Users/AWard/Documents/GitHub/Alien_Out_Shopping/Content/FirstPerson/Character/Materials/MaterialLayers/ML_SoftMetal_UE4.uasset" 376
"../../../../../../Users/AWard/Documents/GitHub/Alien_Out_Shopping/Content/FirstPerson/Character/Textures/UE4_Mannequin__normals.uasset" 377
"../../../../../../Users/AWard/Documents/GitHub/Alien_Out_Shopping/Content/FirstPerson/Character/Textures/UE4_Mannequin_MAT_MASKA.uasset" 378
"../../../../../../Users/AWard/Documents/GitHub/Alien_Out_Shopping/Content/FirstPerson/Character/Materials/M_UE4Man_Body.uasset" 379
"../../../../../../Users/AWard/Documents/GitHub/Alien_Out_Shopping/Content/FirstPerson/Character/Mesh/SK_Mannequin_Arms_PhysicsAsset.uasset" 380
"../../../../../../Users/AWard/Documents/GitHub/Alien_Out_Shopping/Content/FirstPerson/Character/Mesh/SK_Mannequin_Arms.uasset" 381
"../../../../../../Users/AWard/Documents/GitHub/Alien_Out_Shopping/Content/FirstPerson/FPWeapon/Materials/MaterialLayers/T_ML_Rubber_Blue_01_D.uasset" 382
"../../../../../../Users/AWard/Documents/GitHub/Alien_Out_Shopping/Content/FirstPerson/FPWeapon/Materials/MaterialLayers/T_ML_Rubber_Blue_01_N.uasset" 383
"../../../../../../Users/AWard/Documents/GitHub/Alien_Out_Shopping/Content/FirstPerson/FPWeapon/Materials/MaterialLayers/ML_GlossyBlack_Latex_UE4.uasset" 384
"../../../../../../Users/AWard/Documents/GitHub/Alien_Out_Shopping/Content/FirstPerson/FPWeapon/Materials/MaterialLayers/ML_Plastic_Shiny_Beige.uasset" 385
"../../../../../../Users/AWard/Documents/GitHub/Alien_Out_Shopping/Content/FirstPerson/FPWeapon/Materials/MaterialLayers/ML_Screen.uasset" 386
"../../../../../../Users/AWard/Documents/GitHub/Alien_Out_Shopping/Content/FirstPerson/FPWeapon/Materials/MaterialLayers/T_ML_Aluminum01.uasset" 387
"../../../../../../Users/AWard/Documents/GitHub/Alien_Out_Shopping/Content/FirstPerson/FPWeapon/Materials/MaterialLayers/T_ML_Aluminum01_N.uasset" 388
"../../../../../../Users/AWard/Documents/GitHub/Alien_Out_Shopping/Content/FirstPerson/FPWeapon/Materials/MaterialLayers/ML_SoftMetal_UE4.uasset" 389
"../../../../../../Users/AWard/Documents/GitHub/Alien_Out_Shopping/Content/FirstPerson/FPWeapon/Textures/T_FPGun_M.uasset" 390
"../../../../../../Users/AWard/Documents/GitHub/Alien_Out_Shopping/Content/FirstPerson/FPWeapon/Textures/T_FPGun_N.uasset" 391
"../../../../../../Users/AWard/Documents/GitHub/Alien_Out_Shopping/Content/FirstPerson/FPWeapon/Materials/M_FPGun.uasset" 392
"../../../../../../Users/AWard/Documents/GitHub/Alien_Out_Shopping/Content/FirstPerson/FPWeapon/Mesh/SK_FPGun_Skeleton.uasset" 393
"../../../../../../Users/AWard/Documents/GitHub/Alien_Out_Shopping/Content/FirstPerson/FPWeapon/Mesh/SK_FPGun.uasset" 394
"../../../../../../Users/AWard/Documents/GitHub/Alien_Out_Shopping/Content/FirstPersonBP/Blueprints/myHUDs/HUD.uasset" 395
"../../../../../../Users/AWard/Documents/GitHub/Alien_Out_Shopping/Content/FirstPersonBP/Blueprints/myHUDs/GameOver.uasset" 396
"../../../../../../Users/AWard/Documents/GitHub/Alien_Out_Shopping/Content/FirstPersonBP/Blueprints/myHUDs/PauseMenu.uasset" 397
"../../../../../../Users/AWard/Documents/GitHub/Alien_Out_Shopping/Content/FirstPersonBP/Blueprints/FirstPersonCharacter.uasset" 398
"../../../../../../Users/AWard/Documents/GitHub/Alien_Out_Shopping/Content/Mannequin/Character/Materials/MaterialLayers/T_ML_Rubber_Blue_01_D.uasset" 399
"../../../../../../Users/AWard/Documents/GitHub/Alien_Out_Shopping/Content/Mannequin/Character/Materials/MaterialLayers/T_ML_Rubber_Blue_01_N.uasset" 400
"../../../../../../Users/AWard/Documents/GitHub/Alien_Out_Shopping/Content/Mannequin/Character/Materials/MaterialLayers/ML_GlossyBlack_Latex_UE4.uasset" 401
"../../../../../../Users/AWard/Documents/GitHub/Alien_Out_Shopping/Content/Mannequin/Character/Materials/MaterialLayers/ML_Plastic_Shiny_Beige.uasset" 402
"../../../../../../Users/AWard/Documents/GitHub/Alien_Out_Shopping/Content/Mannequin/Character/Textures/UE4_LOGO_CARD.uasset" 403
"../../../../../../Users/AWard/Documents/GitHub/Alien_Out_Shopping/Content/Mannequin/Character/Materials/MaterialLayers/ML_Plastic_Shiny_Beige_LOGO.uasset" 404
"../../../../../../Users/AWard/Documents/GitHub/Alien_Out_Shopping/Content/Mannequin/Character/Materials/MaterialLayers/T_ML_Aluminum01.uasset" 405
"../../../../../../Users/AWard/Documents/GitHub/Alien_Out_Shopping/Content/Mannequin/Character/Materials/MaterialLayers/T_ML_Aluminum01_N.uasset" 406
"../../../../../../Users/AWard/Documents/GitHub/Alien_Out_Shopping/Content/Mannequin/Character/Materials/MaterialLayers/ML_SoftMetal_UE4.uasset" 407
"../../../../../../Users/AWard/Documents/GitHub/Alien_Out_Shopping/Content/Mannequin/Character/Textures/UE4_Mannequin__normals.uasset" 408
"../../../../../../Users/AWard/Documents/GitHub/Alien_Out_Shopping/Content/Mannequin/Character/Textures/UE4_Mannequin_MAT_MASKA.uasset" 409
"../../../../../../Users/AWard/Documents/GitHub/Alien_Out_Shopping/Content/Mannequin/Character/Materials/M_UE4Man_Body.uasset" 410
"../../../../../../Users/AWard/Documents/GitHub/Alien_Out_Shopping/Content/Mannequin/Character/Textures/UE4Man_Logo_N.uasset" 411
"../../../../../../Users/AWard/Documents/GitHub/Alien_Out_Shopping/Content/Mannequin/Character/Materials/M_UE4Man_ChestLogo.uasset" 412
"../../../../../../Users/AWard/Documents/GitHub/Alien_Out_Shopping/Content/Mannequin/Character/Mesh/SK_Mannequin_PhysicsAsset.uasset" 413
"../../../../../../Users/AWard/Documents/GitHub/Alien_Out_Shopping/Content/Mannequin/Character/Mesh/SK_Mannequin.uasset" 414
"../../../../../../Users/AWard/Documents/GitHub/Alien_Out_Shopping/Content/AI/Enemy.uasset" 415
"../../../../../../Users/AWard/Documents/GitHub/Alien_Out_Shopping/Content/NPC/Reference_Model.uasset" 416
"../../../Engine/Content/EngineSky/C_Sky_Cloud_Color.uasset" 417
"../../../Engine/Content/EngineSky/C_Sky_Horizon_Color.uasset" 418
"../../../Engine/Content/EngineSky/C_Sky_Zenith_Color.uasset" 419
"../../../Engine/Content/EngineSky/T_Sky_Blue.uasset" 420
"../../../Engine/Content/EngineSky/T_Sky_Clouds_M.uasset" 421
"../../../Engine/Content/EngineSky/T_Sky_Stars.uasset" 422
"../../../Engine/Content/EngineSky/M_Sky_Panning_Clouds2.uasset" 423
"../../../Engine/Content/EngineSky/SM_SkySphere.uasset" 424
"../../../Engine/Content/EngineSky/BP_Sky_Sphere.uasset" 425
"../../../../../../Users/AWard/Documents/GitHub/Alien_Out_Shopping/Content/FirstPerson/Textures/FirstPersonCrosshair.uasset" 426
"../../../../../../Users/AWard/Documents/GitHub/Alien_Out_Shopping/Content/FirstPersonBP/Blueprints/FirstPersonHUD.uasset" 427
"../../../../../../Users/AWard/Documents/GitHub/Alien_Out_Shopping/Content/FirstPersonBP/Blueprints/FirstPersonGameMode.uasset" 428
"../../../../../../Users/AWard/Documents/GitHub/Alien_Out_Shopping/Content/Self_created_assets/UFO/Blue.uasset" 429
"../../../../../../Users/AWard/Documents/GitHub/Alien_Out_Shopping/Content/StarterContent/Materials/M_Basic_Wall.uasset" 430
"../../../../../../Users/AWard/Documents/GitHub/Alien_Out_Shopping/Content/StarterContent/Shapes/Shape_Cube.uasset" 431
"../../../../../../Users/AWard/Documents/GitHub/Alien_Out_Shopping/Content/StarterContent/Shapes/Shape_Cylinder.uasset" 432
"../../../../../../Users/AWard/Documents/GitHub/Alien_Out_Shopping/Content/Self_created_assets/Beds/Bed_B.uasset" 433
"../../../../../../Users/AWard/Documents/GitHub/Alien_Out_Shopping/Content/Self_created_assets/ClothesAndHanger/Black.uasset" 434
"../../../../../../Users/AWard/Documents/GitHub/Alien_Out_Shopping/Content/Self_created_assets/Beds/Bed_BL.uasset" 435
"../../../../../../Users/AWard/Documents/GitHub/Alien_Out_Shopping/Content/Self_created_assets/ClothesAndHanger/Green.uasset" 436
"../../../../../../Users/AWard/Documents/GitHub/Alien_Out_Shopping/Content/Self_created_assets/Beds/Bed_G.uasset" 437
"../../../../../../Users/AWard/Documents/GitHub/Alien_Out_Shopping/Content/MyDopeAfTextures/red.uasset" 438
"../../../../../../Users/AWard/Documents/GitHub/Alien_Out_Shopping/Content/Self_created_assets/Beds/Bed_R.uasset" 439
"../../../Engine/Content/Functions/Engine_MaterialFunctions03/Blends/Blend_ColorBurn.uasset" 440
"../../../../../../Users/AWard/Documents/GitHub/Alien_Out_Shopping/Content/MyDopeAfTextures/neonred.uasset" 441
"../../../../../../Users/AWard/Documents/GitHub/Alien_Out_Shopping/Content/Self_created_assets/Beds/Bed_Shiny.uasset" 442
"../../../../../../Users/AWard/Documents/GitHub/Alien_Out_Shopping/Content/MyDopeAfTextures/neonyellow.uasset" 443
"../../../../../../Users/AWard/Documents/GitHub/Alien_Out_Shopping/Content/Self_created_assets/Beds/Bed_Shiny2.uasset" 444
"../../../../../../Users/AWard/Documents/GitHub/Alien_Out_Shopping/Content/MyDopeAfTextures/neonblue.uasset" 445
"../../../../../../Users/AWard/Documents/GitHub/Alien_Out_Shopping/Content/Self_created_assets/Beds/Bed_Shiny3.uasset" 446
"../../../../../../Users/AWard/Documents/GitHub/Alien_Out_Shopping/Content/Self_created_assets/ClothesAndHanger/Yellow.uasset" 447
"../../../../../../Users/AWard/Documents/GitHub/Alien_Out_Shopping/Content/Self_created_assets/Beds/Bed_Y.uasset" 448
"../../../../../../Users/AWard/Documents/GitHub/Alien_Out_Shopping/Content/Self_created_assets/Beds/Cal_King.uasset" 449
"../../../../../../Users/AWard/Documents/GitHub/Alien_Out_Shopping/Content/MyDopeAfTextures/gumballs.uasset" 450
"../../../../../../Users/AWard/Documents/GitHub/Alien_Out_Shopping/Content/MyDopeAfTextures/gumballs_Mat.uasset" 451
"../../../../../../Users/AWard/Documents/GitHub/Alien_Out_Shopping/Content/Self_created_assets/Beds/kids_bed.uasset" 452
"../../../../../../Users/AWard/Documents/GitHub/Alien_Out_Shopping/Content/StarterContent/Textures/T_Lamp_M.uasset" 453
"../../../../../../Users/AWard/Documents/GitHub/Alien_Out_Shopping/Content/StarterContent/Textures/T_Lamp_N.uasset" 454
"../../../../../../Users/AWard/Documents/GitHub/Alien_Out_Shopping/Content/StarterContent/Props/Materials/M_Lamp.uasset" 455
"../../../../../../Users/AWard/Documents/GitHub/Alien_Out_Shopping/Content/Self_created_assets/Beds/kids_bed2.uasset" 456
"../../../../../../Users/AWard/Documents/GitHub/Alien_Out_Shopping/Content/StarterContent/Textures/T_Perlin_Noise_M.uasset" 457
"../../../../../../Users/AWard/Documents/GitHub/Alien_Out_Shopping/Content/StarterContent/Textures/T_Water_M.uasset" 458
"../../../../../../Users/AWard/Documents/GitHub/Alien_Out_Shopping/Content/StarterContent/Textures/T_Water_N.uasset" 459
"../../../../../../Users/AWard/Documents/GitHub/Alien_Out_Shopping/Content/StarterContent/Materials/M_Water_Ocean.uasset" 460
"../../../../../../Users/AWard/Documents/GitHub/Alien_Out_Shopping/Content/Self_created_assets/Beds/Water_Bed.uasset" 461
"../../../Engine/Content/BasicShapes/BasicShapeMaterial.uasset" 462
"../../../Engine/Content/BasicShapes/Cube.uasset" 463
"../../../../../../Users/AWard/Documents/GitHub/Alien_Out_Shopping/Content/Self_created_assets/ClothesAndHanger/ShirtHanger.uasset" 464
"../../../../../../Users/AWard/Documents/GitHub/Alien_Out_Shopping/Content/StarterContent/Textures/T_Ceramic_Tile_M.uasset" 465
"../../../../../../Users/AWard/Documents/GitHub/Alien_Out_Shopping/Content/Self_created_assets/CautionTape.uasset" 466
"../../../Engine/Content/Functions/Engine_MaterialFunctions01/Opacity/AlphaOffset.uasset" 467
"../../../../../../Users/AWard/Documents/GitHub/Alien_Out_Shopping/Content/StarterContent/Textures/T_MacroVariation.uasset" 468
"../../../../../../Users/AWard/Documents/GitHub/Alien_Out_Shopping/Content/StarterContent/Textures/T_Wood_Floor_Walnut_D.uasset" 469
"../../../../../../Users/AWard/Documents/GitHub/Alien_Out_Shopping/Content/StarterContent/Textures/T_Wood_Floor_Walnut_M.uasset" 470
"../../../../../../Users/AWard/Documents/GitHub/Alien_Out_Shopping/Content/StarterContent/Textures/T_Wood_Floor_Walnut_N.uasset" 471
"../../../../../../Users/AWard/Documents/GitHub/Alien_Out_Shopping/Content/StarterContent/Materials/M_Wood_Floor_Walnut_Worn.uasset" 472
"../../../../../../Users/AWard/Documents/GitHub/Alien_Out_Shopping/Content/Self_created_assets/Divider.uasset" 473
"../../../../../../Users/AWard/Documents/GitHub/Alien_Out_Shopping/Content/StarterContent/Textures/T_Wood_Pine_D.uasset" 474
"../../../../../../Users/AWard/Documents/GitHub/Alien_Out_Shopping/Content/StarterContent/Textures/T_Wood_Pine_N.uasset" 475
"../../../../../../Users/AWard/Documents/GitHub/Alien_Out_Shopping/Content/StarterContent/Materials/M_Wood_Pine.uasset" 476
"../../../../../../Users/AWard/Documents/GitHub/Alien_Out_Shopping/Content/Self_created_assets/Icecream/IceCream_Chair.uasset" 477
"../../../../../../Users/AWard/Documents/GitHub/Alien_Out_Shopping/Content/StarterContent/Textures/T_Metal_Steel_D.uasset" 478
"../../../../../../Users/AWard/Documents/GitHub/Alien_Out_Shopping/Content/StarterContent/Textures/T_Metal_Steel_N.uasset" 479
"../../../../../../Users/AWard/Documents/GitHub/Alien_Out_Shopping/Content/StarterContent/Materials/M_Metal_Steel.uasset" 480
"../../../../../../Users/AWard/Documents/GitHub/Alien_Out_Shopping/Content/Self_created_assets/Icecream/IceCream_Table.uasset" 481
"../../../../../../Users/AWard/Documents/GitHub/Alien_Out_Shopping/Content/StarterContent/Materials/M_Glass.uasset" 482
"../../../../../../Users/AWard/Documents/GitHub/Alien_Out_Shopping/Content/StarterContent/Props/SM_GlassWindow.uasset" 483
"../../../../../../Users/AWard/Documents/GitHub/Alien_Out_Shopping/Content/SlidingDoor/SlidingDoor.uasset" 484
"../../../../../../Users/AWard/Documents/GitHub/Alien_Out_Shopping/Content/FirstPersonBP/Maps/Mall_BuiltData.uasset" 485
"../../../../../../Users/AWard/Documents/GitHub/Alien_Out_Shopping/Content/LargeAssets/Materials/Invisible_Glass.uasset" 486
"../../../../../../Users/AWard/Documents/GitHub/Alien_Out_Shopping/Content/LargeAssets/Materials/M_Glass.uasset" 487
"../../../../../../Users/AWard/Documents/GitHub/Alien_Out_Shopping/Content/Logos/elvisPosters/elvi_s.uasset" 488
"../../../../../../Users/AWard/Documents/GitHub/Alien_Out_Shopping/Content/Logos/elvisPosters/elvi_s_Mat.uasset" 489
"../../../../../../Users/AWard/Documents/GitHub/Alien_Out_Shopping/Content/Logos/elvisPosters/ModifiedLeviPicture1.uasset" 490
"../../../../../../Users/AWard/Documents/GitHub/Alien_Out_Shopping/Content/Logos/elvisPosters/ModifiedLeviPicture1_Mat.uasset" 491
"../../../../../../Users/AWard/Documents/GitHub/Alien_Out_Shopping/Content/Logos/elvisPosters/ModifiedLeviPicture2.uasset" 492
"../../../../../../Users/AWard/Documents/GitHub/Alien_Out_Shopping/Content/Logos/elvisPosters/ModifiedLeviPicture2_Mat.uasset" 493
"../../../../../../Users/AWard/Documents/GitHub/Alien_Out_Shopping/Content/Logos/NerdFacePosters/TheNerdFace.uasset" 494
"../../../../../../Users/AWard/Documents/GitHub/Alien_Out_Shopping/Content/Logos/NerdFacePosters/TheNerdFace_Mat.uasset" 495
"../../../../../../Users/AWard/Documents/GitHub/Alien_Out_Shopping/Content/Logos/Posters/Blastoise.uasset" 496
"../../../../../../Users/AWard/Documents/GitHub/Alien_Out_Shopping/Content/Logos/Posters/Blastoise_Mat.uasset" 497
"../../../../../../Users/AWard/Documents/GitHub/Alien_Out_Shopping/Content/Logos/Posters/Cinderelephant.uasset" 498
"../../../../../../Users/AWard/Documents/GitHub/Alien_Out_Shopping/Content/Logos/Posters/Cinderelephant_Mat.uasset" 499
"../../../../../../Users/AWard/Documents/GitHub/Alien_Out_Shopping/Content/Logos/Posters/Elsa.uasset" 500
"../../../../../../Users/AWard/Documents/GitHub/Alien_Out_Shopping/Content/Logos/Posters/Elsa_Mat.uasset" 501
"../../../../../../Users/AWard/Documents/GitHub/Alien_Out_Shopping/Content/Logos/Posters/Fade.uasset" 502
"../../../../../../Users/AWard/Documents/GitHub/Alien_Out_Shopping/Content/Logos/Posters/Fade_Mat.uasset" 503
"../../../../../../Users/AWard/Documents/GitHub/Alien_Out_Shopping/Content/Logos/Posters/frog.uasset" 504
"../../../../../../Users/AWard/Documents/GitHub/Alien_Out_Shopping/Content/Logos/Posters/frog_Mat.uasset" 505
"../../../../../../Users/AWard/Documents/GitHub/Alien_Out_Shopping/Content/Logos/Posters/Gratitude.uasset" 506
"../../../../../../Users/AWard/Documents/GitHub/Alien_Out_Shopping/Content/Logos/Posters/Gratitude_Mat.uasset" 507
"../../../../../../Users/AWard/Documents/GitHub/Alien_Out_Shopping/Content/Logos/Posters/ICUP.uasset" 508
"../../../../../../Users/AWard/Documents/GitHub/Alien_Out_Shopping/Content/Logos/Posters/ICUP_Mat.uasset" 509
"../../../../../../Users/AWard/Documents/GitHub/Alien_Out_Shopping/Content/Logos/Posters/Jawas.uasset" 510
"../../../../../../Users/AWard/Documents/GitHub/Alien_Out_Shopping/Content/Logos/Posters/Jawas_Mat.uasset" 511
"../../../../../../Users/AWard/Documents/GitHub/Alien_Out_Shopping/Content/Logos/Posters/LesMis.uasset" 512
"../../../../../../Users/AWard/Documents/GitHub/Alien_Out_Shopping/Content/Logos/Posters/LesMis_Mat.uasset" 513
"../../../../../../Users/AWard/Documents/GitHub/Alien_Out_Shopping/Content/Logos/Posters/MadYax.uasset" 514
"../../../../../../Users/AWard/Documents/GitHub/Alien_Out_Shopping/Content/Logos/Posters/MadYax_Mat.uasset" 515
"../../../../../../Users/AWard/Documents/GitHub/Alien_Out_Shopping/Content/Logos/Posters/Meryl.uasset" 516
"../../../../../../Users/AWard/Documents/GitHub/Alien_Out_Shopping/Content/Logos/Posters/Meryl_Mat.uasset" 517
"../../../../../../Users/AWard/Documents/GitHub/Alien_Out_Shopping/Content/Logos/Posters/modifiedNorthfacepicture1.uasset" 518
"../../../../../../Users/AWard/Documents/GitHub/Alien_Out_Shopping/Content/Logos/Posters/modifiedNorthfacepicture1_Mat.uasset" 519
"../../../../../../Users/AWard/Documents/GitHub/Alien_Out_Shopping/Content/Logos/Posters/modifiedNorthfacepicture2.uasset" 520
"../../../../../../Users/AWard/Documents/GitHub/Alien_Out_Shopping/Content/Logos/Posters/modifiedNorthfacepicture2_Mat.uasset" 521
"../../../../../../Users/AWard/Documents/GitHub/Alien_Out_Shopping/Content/Logos/Posters/Potential.uasset" 522
"../../../../../../Users/AWard/Documents/GitHub/Alien_Out_Shopping/Content/Logos/Posters/Potential_Mat.uasset" 523
"../../../../../../Users/AWard/Documents/GitHub/Alien_Out_Shopping/Content/Logos/Posters/Preshaz.uasset" 524
"../../../../../../Users/AWard/Documents/GitHub/Alien_Out_Shopping/Content/Logos/Posters/Preshaz_Mat.uasset" 525
"../../../../../../Users/AWard/Documents/GitHub/Alien_Out_Shopping/Content/Logos/Posters/Ron.uasset" 526
"../../../../../../Users/AWard/Documents/GitHub/Alien_Out_Shopping/Content/Logos/Posters/Ron_Mat.uasset" 527
"../../../../../../Users/AWard/Documents/GitHub/Alien_Out_Shopping/Content/Logos/Posters/Snape.uasset" 528
"../../../../../../Users/AWard/Documents/GitHub/Alien_Out_Shopping/Content/Logos/Posters/Snape_Mat.uasset" 529
"../../../../../../Users/AWard/Documents/GitHub/Alien_Out_Shopping/Content/Logos/Posters/SpongeWorld.uasset" 530
"../../../../../../Users/AWard/Documents/GitHub/Alien_Out_Shopping/Content/Logos/Posters/SpongeWorld_Mat.uasset" 531
"../../../../../../Users/AWard/Documents/GitHub/Alien_Out_Shopping/Content/Logos/Posters/Woody.uasset" 532
"../../../../../../Users/AWard/Documents/GitHub/Alien_Out_Shopping/Content/Logos/Posters/Woody_Mat.uasset" 533
"../../../../../../Users/AWard/Documents/GitHub/Alien_Out_Shopping/Content/MyDopeAfTextures/ATM_pinpad_in_german.uasset" 534
"../../../../../../Users/AWard/Documents/GitHub/Alien_Out_Shopping/Content/MyDopeAfTextures/ATM_pinpad_in_german_Mat.uasset" 535
"../../../../../../Users/AWard/Documents/GitHub/Alien_Out_Shopping/Content/MyDopeAfTextures/black.uasset" 536
"../../../../../../Users/AWard/Documents/GitHub/Alien_Out_Shopping/Content/MyDopeAfTextures/coma.uasset" 537
"../../../../../../Users/AWard/Documents/GitHub/Alien_Out_Shopping/Content/MyDopeAfTextures/coma_Mat.uasset" 538
"../../../../../../Users/AWard/Documents/GitHub/Alien_Out_Shopping/Content/MyDopeAfTextures/CS328map.uasset" 539
"../../../../../../Users/AWard/Documents/GitHub/Alien_Out_Shopping/Content/MyDopeAfTextures/CS328map_Mat.uasset" 540
"../../../../../../Users/AWard/Documents/GitHub/Alien_Out_Shopping/Content/MyDopeAfTextures/CS328mapright.uasset" 541
"../../../../../../Users/AWard/Documents/GitHub/Alien_Out_Shopping/Content/MyDopeAfTextures/CS328mapright_Mat.uasset" 542
"../../../../../../Users/AWard/Documents/GitHub/Alien_Out_Shopping/Content/MyDopeAfTextures/dimensions.uasset" 543
"../../../../../../Users/AWard/Documents/GitHub/Alien_Out_Shopping/Content/MyDopeAfTextures/dimensions_Mat.uasset" 544
"../../../../../../Users/AWard/Documents/GitHub/Alien_Out_Shopping/Content/MyDopeAfTextures/menrestroom.uasset" 545
"../../../../../../Users/AWard/Documents/GitHub/Alien_Out_Shopping/Content/MyDopeAfTextures/menrestroom_Mat.uasset" 546
"../../../../../../Users/AWard/Documents/GitHub/Alien_Out_Shopping/Content/MyDopeAfTextures/neongreen.uasset" 547
"../../../../../../Users/AWard/Documents/GitHub/Alien_Out_Shopping/Content/MyDopeAfTextures/womenrestroom.uasset" 548
"../../../../../../Users/AWard/Documents/GitHub/Alien_Out_Shopping/Content/MyDopeAfTextures/womenrestroom_Mat.uasset" 549
"../../../../../../Users/AWard/Documents/GitHub/Alien_Out_Shopping/Content/Self_created_assets/ClothesAndHanger/Blue.uasset" 550
"../../../../../../Users/AWard/Documents/GitHub/Alien_Out_Shopping/Content/Self_created_assets/ClothesAndHanger/Material.uasset" 551
"../../../../../../Users/AWard/Documents/GitHub/Alien_Out_Shopping/Content/Self_created_assets/ClothesAndHanger/Red.uasset" 552
"../../../../../../Users/AWard/Documents/GitHub/Alien_Out_Shopping/Content/Self_created_assets/FakeCity/City_landscape.uasset" 553
"../../../../../../Users/AWard/Documents/GitHub/Alien_Out_Shopping/Content/Self_created_assets/FakeCity/City_landscape_Mat.uasset" 554
"../../../../../../Users/AWard/Documents/GitHub/Alien_Out_Shopping/Content/Self_created_assets/Icecream/Banana.uasset" 555
"../../../../../../Users/AWard/Documents/GitHub/Alien_Out_Shopping/Content/Self_created_assets/Icecream/Blue_Bubblegum.uasset" 556
"../../../../../../Users/AWard/Documents/GitHub/Alien_Out_Shopping/Content/Self_created_assets/Icecream/Blueberry.uasset" 557
"../../../../../../Users/AWard/Documents/GitHub/Alien_Out_Shopping/Content/Self_created_assets/Icecream/Bubblegum.uasset" 558
"../../../../../../Users/AWard/Documents/GitHub/Alien_Out_Shopping/Content/Self_created_assets/Icecream/Caramel.uasset" 559
"../../../../../../Users/AWard/Documents/GitHub/Alien_Out_Shopping/Content/Self_created_assets/Icecream/Chocolate.uasset" 560
"../../../../../../Users/AWard/Documents/GitHub/Alien_Out_Shopping/Content/Self_created_assets/Icecream/Cosmic.uasset" 561
"../../../../../../Users/AWard/Documents/GitHub/Alien_Out_Shopping/Content/Self_created_assets/Icecream/Dark_Chocolate.uasset" 562
"../../../../../../Users/AWard/Documents/GitHub/Alien_Out_Shopping/Content/Self_created_assets/Icecream/GreenTea.uasset" 563
"../../../../../../Users/AWard/Documents/GitHub/Alien_Out_Shopping/Content/Self_created_assets/Icecream/Mango.uasset" 564
"../../../../../../Users/AWard/Documents/GitHub/Alien_Out_Shopping/Content/Self_created_assets/Icecream/Ocean.uasset" 565
"../../../../../../Users/AWard/Documents/GitHub/Alien_Out_Shopping/Content/Self_created_assets/Icecream/Pistachio.uasset" 566
"../../../../../../Users/AWard/Documents/GitHub/Alien_Out_Shopping/Content/Self_created_assets/Icecream/Strawberry.uasset" 567
"../../../../../../Users/AWard/Documents/GitHub/Alien_Out_Shopping/Content/Self_created_assets/Icecream/Vanilla.uasset" 568
"../../../../../../Users/AWard/Documents/GitHub/Alien_Out_Shopping/Content/StarterContent/Materials/M_Basic_Floor.uasset" 569
"../../../../../../Users/AWard/Documents/GitHub/Alien_Out_Shopping/Content/StarterContent/Textures/T_Brick_Clay_Beveled_D.uasset" 570
"../../../../../../Users/AWard/Documents/GitHub/Alien_Out_Shopping/Content/StarterContent/Textures/T_Brick_Clay_Beveled_M.uasset" 571
"../../../../../../Users/AWard/Documents/GitHub/Alien_Out_Shopping/Content/StarterContent/Textures/T_Brick_Clay_Beveled_N.uasset" 572
"../../../../../../Users/AWard/Documents/GitHub/Alien_Out_Shopping/Content/StarterContent/Materials/M_Brick_Clay_Beveled.uasset" 573
"../../../../../../Users/AWard/Documents/GitHub/Alien_Out_Shopping/Content/StarterContent/Textures/T_Brick_Clay_New_D.uasset" 574
"../../../../../../Users/AWard/Documents/GitHub/Alien_Out_Shopping/Content/StarterContent/Textures/T_Brick_Clay_New_M.uasset" 575
"../../../../../../Users/AWard/Documents/GitHub/Alien_Out_Shopping/Content/StarterContent/Textures/T_Brick_Clay_New_N.uasset" 576
"../../../../../../Users/AWard/Documents/GitHub/Alien_Out_Shopping/Content/StarterContent/Textures/T_Detail_Rocky_N.uasset" 577
"../../../../../../Users/AWard/Documents/GitHub/Alien_Out_Shopping/Content/StarterContent/Materials/M_Brick_Clay_New.uasset" 578
"../../../../../../Users/AWard/Documents/GitHub/Alien_Out_Shopping/Content/StarterContent/Textures/T_Brick_Hewn_Stone_D.uasset" 579
"../../../../../../Users/AWard/Documents/GitHub/Alien_Out_Shopping/Content/StarterContent/Textures/T_Brick_Hewn_Stone_M.uasset" 580
"../../../../../../Users/AWard/Documents/GitHub/Alien_Out_Shopping/Content/StarterContent/Textures/T_Brick_Hewn_Stone_N.uasset" 581
"../../../../../../Users/AWard/Documents/GitHub/Alien_Out_Shopping/Content/StarterContent/Materials/M_Brick_Hewn_Stone.uasset" 582
"../../../../../../Users/AWard/Documents/GitHub/Alien_Out_Shopping/Content/StarterContent/Textures/T_Ceramic_Tile_N.uasset" 583
"../../../../../../Users/AWard/Documents/GitHub/Alien_Out_Shopping/Content/StarterContent/Textures/T_Rock_Marble_Polished_D.uasset" 584
"../../../../../../Users/AWard/Documents/GitHub/Alien_Out_Shopping/Content/StarterContent/Materials/M_Ceramic_Tile_Checker.uasset" 585
"../../../Engine/Content/EditorMeshes/ColorCalibrator/T_ColorGrid.uasset" 586
"../../../../../../Users/AWard/Documents/GitHub/Alien_Out_Shopping/Content/StarterContent/Materials/M_ColorGrid_LowSpec.uasset" 587
"../../../../../../Users/AWard/Documents/GitHub/Alien_Out_Shopping/Content/StarterContent/Textures/T_Concrete_Tiles_D.uasset" 588
"../../../../../../Users/AWard/Documents/GitHub/Alien_Out_Shopping/Content/StarterContent/Textures/T_Concrete_Tiles_M.uasset" 589
"../../../../../../Users/AWard/Documents/GitHub/Alien_Out_Shopping/Content/StarterContent/Textures/T_Concrete_Tiles_N.uasset" 590
"../../../../../../Users/AWard/Documents/GitHub/Alien_Out_Shopping/Content/StarterContent/Textures/T_Concrete_Tiles_Variation_M.uasset" 591
"../../../../../../Users/AWard/Documents/GitHub/Alien_Out_Shopping/Content/StarterContent/Materials/M_Concrete_Tiles.uasset" 592
"../../../../../../Users/AWard/Documents/GitHub/Alien_Out_Shopping/Content/StarterContent/Textures/T_Ground_Gravel_D.uasset" 593
"../../../../../../Users/AWard/Documents/GitHub/Alien_Out_Shopping/Content/StarterContent/Textures/T_Ground_Gravel_N.uasset" 594
"../../../../../../Users/AWard/Documents/GitHub/Alien_Out_Shopping/Content/StarterContent/Materials/M_Ground_Gravel.uasset" 595
"../../../../../../Users/AWard/Documents/GitHub/Alien_Out_Shopping/Content/StarterContent/Textures/T_Metal_Aluminum_D.uasset" 596
"../../../../../../Users/AWard/Documents/GitHub/Alien_Out_Shopping/Content/StarterContent/Textures/T_Metal_Gold_N.uasset" 597
"../../../../../../Users/AWard/Documents/GitHub/Alien_Out_Shopping/Content/StarterContent/Materials/M_Metal_Burnished_Steel.uasset" 598
"../../../../../../Users/AWard/Documents/GitHub/Alien_Out_Shopping/Content/StarterContent/Materials/M_Metal_Chrome.uasset" 599
"../../../../../../Users/AWard/Documents/GitHub/Alien_Out_Shopping/Content/StarterContent/Textures/T_Metal_Copper_D.uasset" 600
"../../../../../../Users/AWard/Documents/GitHub/Alien_Out_Shopping/Content/StarterContent/Materials/M_Metal_Copper.uasset" 601
"../../../../../../Users/AWard/Documents/GitHub/Alien_Out_Shopping/Content/StarterContent/Textures/T_Metal_Gold_D.uasset" 602
"../../../../../../Users/AWard/Documents/GitHub/Alien_Out_Shopping/Content/StarterContent/Materials/M_Metal_Gold.uasset" 603
"../../../../../../Users/AWard/Documents/GitHub/Alien_Out_Shopping/Content/StarterContent/Textures/T_Rock_Basalt_D.uasset" 604
"../../../../../../Users/AWard/Documents/GitHub/Alien_Out_Shopping/Content/StarterContent/Textures/T_Rock_Basalt_N.uasset" 605
"../../../../../../Users/AWard/Documents/GitHub/Alien_Out_Shopping/Content/StarterContent/Materials/M_Rock_Basalt.uasset" 606
"../../../../../../Users/AWard/Documents/GitHub/Alien_Out_Shopping/Content/StarterContent/Materials/M_Rock_Marble_Polished.uasset" 607
"../../../../../../Users/AWard/Documents/GitHub/Alien_Out_Shopping/Content/StarterContent/Textures/T_Rock_Sandstone_D.uasset" 608
"../../../../../../Users/AWard/Documents/GitHub/Alien_Out_Shopping/Content/StarterContent/Textures/T_Rock_Sandstone_N.uasset" 609
"../../../../../../Users/AWard/Documents/GitHub/Alien_Out_Shopping/Content/StarterContent/Materials/M_Rock_Sandstone.uasset" 610
"../../../../../../Users/AWard/Documents/GitHub/Alien_Out_Shopping/Content/StarterContent/Textures/T_Rock_Slate_D.uasset" 611
"../../../../../../Users/AWard/Documents/GitHub/Alien_Out_Shopping/Content/StarterContent/Textures/T_Rock_Slate_N.uasset" 612
"../../../../../../Users/AWard/Documents/GitHub/Alien_Out_Shopping/Content/StarterContent/Materials/M_Rock_Slate.uasset" 613
"../../../../../../Users/AWard/Documents/GitHub/Alien_Out_Shopping/Content/StarterContent/Textures/T_Tech_Panel_M.uasset" 614
"../../../../../../Users/AWard/Documents/GitHub/Alien_Out_Shopping/Content/StarterContent/Textures/T_Tech_Panel_N.uasset" 615
"../../../../../../Users/AWard/Documents/GitHub/Alien_Out_Shopping/Content/StarterContent/Materials/M_Tech_Panel.uasset" 616
"../../../../../../Users/AWard/Documents/GitHub/Alien_Out_Shopping/Content/StarterContent/Materials/M_Wood_Floor_Walnut_Polished.uasset" 617
"../../../../../../Users/AWard/Documents/GitHub/Alien_Out_Shopping/Content/StarterContent/Textures/T_Wood_Oak_D.uasset" 618
"../../../../../../Users/AWard/Documents/GitHub/Alien_Out_Shopping/Content/StarterContent/Textures/T_Wood_Oak_N.uasset" 619
"../../../../../../Users/AWard/Documents/GitHub/Alien_Out_Shopping/Content/StarterContent/Materials/M_Wood_Oak.uasset" 620
"../../../../../../Users/AWard/Documents/GitHub/Alien_Out_Shopping/Content/StarterContent/Textures/T_Wood_Walnut_D.uasset" 621
"../../../../../../Users/AWard/Documents/GitHub/Alien_Out_Shopping/Content/StarterContent/Textures/T_Wood_Walnut_N.uasset" 622
"../../../../../../Users/AWard/Documents/GitHub/Alien_Out_Shopping/Content/StarterContent/Materials/M_Wood_Walnut.uasset" 623
"../../../../../../Users/AWard/Documents/GitHub/Alien_Out_Shopping/Content/StarterContent/Materials/Opaque_Glass.uasset" 624
"../../../../../../Users/AWard/Documents/GitHub/Alien_Out_Shopping/Content/StarterContent/Textures/T_Door_M.uasset" 625
"../../../../../../Users/AWard/Documents/GitHub/Alien_Out_Shopping/Content/StarterContent/Textures/T_Door_N.uasset" 626
"../../../../../../Users/AWard/Documents/GitHub/Alien_Out_Shopping/Content/StarterContent/Props/Materials/M_Door.uasset" 627
"../../../../../../Users/AWard/Documents/GitHub/Alien_Out_Shopping/Content/StarterContent/Textures/T_Frame_M.uasset" 628
"../../../../../../Users/AWard/Documents/GitHub/Alien_Out_Shopping/Content/StarterContent/Textures/T_Frame_N.uasset" 629
"../../../../../../Users/AWard/Documents/GitHub/Alien_Out_Shopping/Content/StarterContent/Props/Materials/M_Frame.uasset" 630
"../../../../../../Users/AWard/Documents/GitHub/Alien_Out_Shopping/Content/StarterContent/Textures/T_RockMesh_M.uasset" 631
"../../../../../../Users/AWard/Documents/GitHub/Alien_Out_Shopping/Content/StarterContent/Textures/T_RockMesh_N.uasset" 632
"../../../../../../Users/AWard/Documents/GitHub/Alien_Out_Shopping/Content/StarterContent/Props/Materials/M_Rock.uasset" 633
"../../../../../../Users/AWard/Documents/GitHub/Alien_Out_Shopping/Content/StarterContent/Textures/T_Shelf_M.uasset" 634
"../../../../../../Users/AWard/Documents/GitHub/Alien_Out_Shopping/Content/StarterContent/Textures/T_Shelf_N.uasset" 635
"../../../../../../Users/AWard/Documents/GitHub/Alien_Out_Shopping/Content/StarterContent/Props/Materials/M_Shelf.uasset" 636
"../../../../../../Users/AWard/Documents/GitHub/Alien_Out_Shopping/Content/StarterContent/Textures/T_Statue_M.uasset" 637
"../../../../../../Users/AWard/Documents/GitHub/Alien_Out_Shopping/Content/StarterContent/Textures/T_Statue_N.uasset" 638
"../../../../../../Users/AWard/Documents/GitHub/Alien_Out_Shopping/Content/StarterContent/Props/Materials/M_Statue.uasset" 639
"../../../../../../Users/AWard/Documents/GitHub/Alien_Out_Shopping/Content/StarterContent/Textures/T_TableRound_M.uasset" 640
"../../../../../../Users/AWard/Documents/GitHub/Alien_Out_Shopping/Content/StarterContent/Textures/T_TableRound_N.uasset" 641
"../../../../../../Users/AWard/Documents/GitHub/Alien_Out_Shopping/Content/StarterContent/Props/Materials/M_TableRound.uasset" 642
"../../../../../../Users/AWard/Documents/GitHub/Alien_Out_Shopping/Content/StarterContent/Textures/T_Bush_D.uasset" 643
"../../../../../../Users/AWard/Documents/GitHub/Alien_Out_Shopping/Content/StarterContent/Textures/T_Bush_N.uasset" 644
"../../../../../../Users/AWard/Documents/GitHub/Alien_Out_Shopping/Content/StarterContent/Textures/T_Bush_Mat.uasset" 645
"../../../../../../Users/AWard/Documents/GitHub/Alien_Out_Shopping/Content/StarterContent/Textures/T_Ground_Gravel_Mat.uasset" 646
"../../../../../../Users/AWard/Documents/GitHub/Alien_Out_Shopping/Content/StarterContent/Textures/T_Rock_Marble_Polished_Mat.uasset" 647
"../../../Engine/Content/BasicShapes/Plane.uasset" 648
"../../../../../../Users/AWard/Documents/GitHub/Alien_Out_Shopping/Content/FirstPerson/Audio/_ONTIVA_COM__Copyright-Free_Alien_Music_for_Your_Projects_-__Galactic_Trouble_-128k.uasset" 649
"../../../../../../Users/AWard/Documents/GitHub/Alien_Out_Shopping/Content/FirstPerson/Audio/_ONTIVA_COM__Copyright-Free_Alien_Music_for_Your_Projects_-__Galactic_Trouble_-128k_Cue.uasset" 650
"../../../../../../Users/AWard/Documents/GitHub/Alien_Out_Shopping/Content/Geometry/Meshes/CubeMaterial.uasset" 651
"../../../../../../Users/AWard/Documents/GitHub/Alien_Out_Shopping/Content/Geometry/Meshes/1M_Cube.uasset" 652
"../../../../../../Users/AWard/Documents/GitHub/Alien_Out_Shopping/Content/Kiosk/SM_MERGED_Clothing_Kiosk.uasset" 653
"../../../../../../Users/AWard/Documents/GitHub/Alien_Out_Shopping/Content/Self_created_assets/ClothesAndHanger/Hanger.uasset" 654
"../../../../../../Users/AWard/Documents/GitHub/Alien_Out_Shopping/Content/Self_created_assets/ClothesAndHanger/Shirt.uasset" 655
"../../../../../../Users/AWard/Documents/GitHub/Alien_Out_Shopping/Content/Self_created_assets/FakeCity/Fake_city.uasset" 656
"../../../../../../Users/AWard/Documents/GitHub/Alien_Out_Shopping/Content/Self_created_assets/Pose.uasset" 657
"../../../../../../Users/AWard/Documents/GitHub/Alien_Out_Shopping/Content/Self_created_assets/Roof/Mesh_window.uasset" 658
"../../../../../../Users/AWard/Documents/GitHub/Alien_Out_Shopping/Content/Self_created_assets/SM_MERGED_Bookcase.uasset" 659
"../../../../../../Users/AWard/Documents/GitHub/Alien_Out_Shopping/Content/Self_created_assets/SM_MERGED_BookcaseWithClothesVer1.uasset" 660
"../../../../../../Users/AWard/Documents/GitHub/Alien_Out_Shopping/Content/Self_created_assets/SM_MERGED_BookcaseWithClothesVer2.uasset" 661
"../../../../../../Users/AWard/Documents/GitHub/Alien_Out_Shopping/Content/Self_created_assets/SM_MERGED_CombinedCircleHanger.uasset" 662
"../../../../../../Users/AWard/Documents/GitHub/Alien_Out_Shopping/Content/Self_created_assets/SM_MERGED_CombinedClothes.uasset" 663
"../../../../../../Users/AWard/Documents/GitHub/Alien_Out_Shopping/Content/Self_created_assets/SM_MERGED_CombinedClothesLongVer.uasset" 664
"../../../../../../Users/AWard/Documents/GitHub/Alien_Out_Shopping/Content/Self_created_assets/SM_MERGED_FoldedShirt.uasset" 665
"../../../../../../Users/AWard/Documents/GitHub/Alien_Out_Shopping/Content/Self_created_assets/SM_MERGED_MannequinWithShirt.uasset" 666
"../../../../../../Users/AWard/Documents/GitHub/Alien_Out_Shopping/Content/StarterContent/Props/Materials/M_Bush.uasset" 667
"../../../../../../Users/AWard/Documents/GitHub/Alien_Out_Shopping/Content/Self_created_assets/SM_MERGED_SM_Bush_Line.uasset" 668
"../../../../../../Users/AWard/Documents/GitHub/Alien_Out_Shopping/Content/Self_created_assets/SM_MERGED_table1.uasset" 669
"../../../../../../Users/AWard/Documents/GitHub/Alien_Out_Shopping/Content/Self_created_assets/UFO/Green.uasset" 670
"../../../../../../Users/AWard/Documents/GitHub/Alien_Out_Shopping/Content/Self_created_assets/UFO/White.uasset" 671
"../../../../../../Users/AWard/Documents/GitHub/Alien_Out_Shopping/Content/Self_created_assets/UFO/UFO.uasset" 672
"../../../../../../Users/AWard/Documents/GitHub/Alien_Out_Shopping/Content/SimplePeople/Textures/TEX_SimplePeople_StreetMan_Black.uasset" 673
"../../../../../../Users/AWard/Documents/GitHub/Alien_Out_Shopping/Content/SimplePeople/Materials/MAT_Character_StreetMan.uasset" 674
"../../../../../../Users/AWard/Documents/GitHub/Alien_Out_Shopping/Content/SimplePeople/Characters/SK_Character_PhysicsAsset.uasset" 675
"../../../../../../Users/AWard/Documents/GitHub/Alien_Out_Shopping/Content/SimplePeople/Characters/SK_Character_Streetman.uasset" 676
"../../../../../../Users/AWard/Documents/GitHub/Alien_Out_Shopping/Content/StarterContent/Textures/T_Fire_SubUV.uasset" 677
"../../../../../../Users/AWard/Documents/GitHub/Alien_Out_Shopping/Content/StarterContent/Textures/T_Fire_Tiled_D.uasset" 678
"../../../../../../Users/AWard/Documents/GitHub/Alien_Out_Shopping/Content/StarterContent/Particles/Materials/M_Fire_SubUV.uasset" 679
"../../../../../../Users/AWard/Documents/GitHub/Alien_Out_Shopping/Content/StarterContent/Particles/Materials/M_Heat_Distortion.uasset" 680
"../../../Engine/Content/Functions/Engine_MaterialFunctions01/Gradient/RadialGradient.uasset" 681
"../../../../../../Users/AWard/Documents/GitHub/Alien_Out_Shopping/Content/StarterContent/Particles/Materials/M_Radial_Gradient.uasset" 682
"../../../../../../Users/AWard/Documents/GitHub/Alien_Out_Shopping/Content/StarterContent/Textures/T_Smoke_SubUV.uasset" 683
"../../../../../../Users/AWard/Documents/GitHub/Alien_Out_Shopping/Content/StarterContent/Textures/T_Smoke_Tiled_D.uasset" 684
"../../../../../../Users/AWard/Documents/GitHub/Alien_Out_Shopping/Content/StarterContent/Particles/Materials/M_smoke_subUV.uasset" 685
"../../../../../../Users/AWard/Documents/GitHub/Alien_Out_Shopping/Content/StarterContent/Particles/P_Fire.uasset" 686
"../../../../../../Users/AWard/Documents/GitHub/Alien_Out_Shopping/Content/StarterContent/Particles/P_Smoke.uasset" 687
"../../../../../../Users/AWard/Documents/GitHub/Alien_Out_Shopping/Content/StarterContent/Props/SM_Bush.uasset" 688
"../../../../../../Users/AWard/Documents/GitHub/Alien_Out_Shopping/Content/StarterContent/Textures/T_Chair_M.uasset" 689
"../../../../../../Users/AWard/Documents/GitHub/Alien_Out_Shopping/Content/StarterContent/Textures/T_Chair_N.uasset" 690
"../../../../../../Users/AWard/Documents/GitHub/Alien_Out_Shopping/Content/StarterContent/Props/Materials/M_Chair.uasset" 691
"../../../../../../Users/AWard/Documents/GitHub/Alien_Out_Shopping/Content/StarterContent/Props/SM_Chair.uasset" 692
"../../../../../../Users/AWard/Documents/GitHub/Alien_Out_Shopping/Content/StarterContent/Props/SM_Door.uasset" 693
"../../../../../../Users/AWard/Documents/GitHub/Alien_Out_Shopping/Content/StarterContent/Props/SM_DoorFrame.uasset" 694
"../../../../../../Users/AWard/Documents/GitHub/Alien_Out_Shopping/Content/StarterContent/Props/SM_Rock.uasset" 695
"../../../../../../Users/AWard/Documents/GitHub/Alien_Out_Shopping/Content/StarterContent/Props/SM_TableRound.uasset" 696
"../../../../../../Users/AWard/Documents/GitHub/Alien_Out_Shopping/Content/FirstPersonBP/Maps/Mall.umap" 697
"../../../../../../Users/AWard/Documents/GitHub/Alien_Out_Shopping/Content/FirstPersonBP/Blueprints/myHUDs/MainMenu.uasset" 698
"../../../../../../Users/AWard/Documents/GitHub/Alien_Out_Shopping/Content/FirstPersonBP/Maps/Menu.umap" 699
